0 0.5023808022078861
1 0.49777680360721444
2 0.5052234356758938
3 0.5039221200438642
4 0.4972914579158317
5 0.4985138168337185
6 0.4958667334669339
7 0.49533441883767537
8 0.4973575827656845
9 0.49830911823647295
10 0.49801164829659317
11 0.5042669264594511
12 0.5025999905846396
13 0.5004133122713915
14 0.4982981280563168
15 0.5017405513054688
16 0.4997433587192246
17 0.4978405953908327
18 0.5068925208480242
19 0.4958992126253016
20 0.4963602448901375
21 0.4978933969942948
22 0.5161643098329857
23 0.5057517593236998
24 0.5071598446957707
25 0.4975263026052104
26 0.5061711639341454
27 0.4827602505022804
28 0.5052717549158026
29 0.5014858755530965
30 0.5001446501065412
31 0.5004943703431359
32 0.5052271190441613
33 0.49947603487147807
34 0.4875666745586094
35 0.49065422405157344
36 0.5186612140458513
37 0.49785508517034066
38 0.496969674549405
39 0.49874233747541014
40 0.5094088885860519
41 0.5079753232543167
42 0.49505493827665537
43 0.49719260621907246
44 0.4922810064182972
45 0.49891105731493607
46 0.4929714821643798
47 0.49747368477066406
48 0.4989607268568778
49 0.4994174006024297
50 0.4971552172346735
51 0.4992143599204022
52 0.49696003467128186
53 0.5011449362746928
54 0.4863691843689932
55 0.49824649298597196
56 0.5017377268571335
57 0.509399855944346
58 0.4950527889793366
59 0.49716970701418145
60 0.4995255206445041
61 0.4981368987975952
62 0.4992236921853403
63 0.49621884669440947
64 0.5047839523139159
65 0.4930929853774914
66 0.49728163426879274
67 0.5052199360765419
68 0.49934028557242066
69 0.5013119981990007
70 0.503217585975728
71 0.5033923222497559
72 0.5030958350740777
73 0.5016402893820302
74 0.5021099787607877
75 0.49731411342716053
76 0.4817915845725644
77 0.5058659437399934
78 0.4890309412842015
79 0.5022015835703046
80 0.5002287044106074
81 0.49444035110281803
82 0.4945104669341234
83 0.49910427434992466
84 0.509612912032281
85 0.484109701605303
86 0.5158410523202568
87 0.49834043086172347
88 0.49766837595195496
89 0.48605396474883933
90 0.4967458200401824
91 0.49804412745496096
92 0.49845235811633476
93 0.49924119018209934
94 0.4932771178360804
95 0.4801278406839195
96 0.499210121250411
97 0.5014511232531407
98 0.49479178917927713
99 0.5030915364794402
100 0.5066800240567892
101 0.4912991410864597
102 0.5004009238494851
103 0.49497321703882374
104 0.49513487376002324
105 0.4987243480965503
106 0.49501472084894466
107 0.4972818180377085
108 0.4980766066133287
109 0.4966457418856596
110 0.49483574989990187
111 0.49820069058121347
112 0.4956893565134863
113 0.4971517176353217
114 0.4988769202413503
115 0.4983729100200912
116 0.49816937795596294
117 0.49842454509043604
118 0.4701893979973215
119 0.49793686633281875
120 0.49826448236483173
121 0.4961184010020551
122 0.4979490230460922
123 0.49781044929869944
124 0.4971372278558137
125 0.49923769058274753
126 0.5015135647347259
127 0.4882526080164923
128 0.4754017835684127
129 0.5018484875786275
130 0.4993271460949457
131 0.5053040503052546
132 0.5061255452983027
133 0.5000804907850915
134 0.49890258396993015
135 0.5063296885938245
136 0.5026518094239001
137 0.4978094665344979
138 0.4982739983986856
139 0.5016506044111699
140 0.49862574408832977
141 0.4956638765538221
142 0.4823588352706945
143 0.48239481402841405
144 0.4967133408818147
145 0.4909305126264266
146 0.49131608777647157
147 0.4921157262534766
148 0.5011200076217758
149 0.4972131763527054
150 0.48710619759549717
151 0.4967782991985502
152 0.4966858953937474
153 0.4977826362728008
154 0.501283877559917
155 0.4980031749515873
156 0.4995333188384935
157 0.4943382474952457
158 0.4978092827655822
159 0.4943447553118485
160 0.5156811094439453
161 0.49282940881763526
162 0.49622799519043187
163 0.4943718931867307
164 0.49508741743502316
165 0.49664905771609563
166 0.49874117094229287
167 0.4790860507056471
168 0.4849711064128768
169 0.4983873997995992
170 0.4999587398834413
171 0.4978237725450902
172 0.5019300849721898
173 0.49743819739504525
174 0.5029076517093897
175 0.49815255511022044
176 0.49810576994126043
177 0.49954320241017885
178 0.50093907114433
179 0.49822567915877686
180 0.4982621492985972
181 0.5031624513060313
182 0.49599665010040495
183 0.4999137364739686
184 0.5202928463139599
185 0.5063147713518387
186 0.51205468157545
187 0.4992393484979656
188 0.48996215430989565
189 0.48531787835686685
190 0.4856791400803649
191 0.49657126753507014
192 0.49834043086172347
193 0.4897701038080243
194 0.49765155310621245
195 0.4954028767537627
196 0.4999317258528284
197 0.4969325292585682
198 0.4951152304609218
199 0.49799599198396793
200 0.49834043086172347
201 0.4995479923869172
202 0.5086730378976887
203 0.499833673151355
204 0.5020106996015506
205 0.4988710875757639
206 0.5246064980177246
207 0.5230248389097665
208 0.5045044118282495
209 0.5048696645332001
210 0.49870519218457326
211 0.5049184751552096
212 0.4981380653307125
213 0.49785201303346677
214 0.504643169344558
215 0.49809692905842307
216 0.5055699000066988
217 0.4977398420852933
218 0.5332074585506814
219 0.5036681194425084
220 0.5004552595238959
221 0.4980290224490829
222 0.5083635990084276
223 0.4967703691703386
224 0.49538138777555113
225 0.4975970935875323
226 0.49777631222511365
227 0.4980139813628277
228 0.5652004163021117
229 0.5051473633347328
230 0.5012388741504443
231 0.5049736098249062
232 0.5035460609276732
233 0.4986642396811996
234 0.4997975106247197
235 0.5083155873817039
236 0.5016554543125546
237 0.504365039085571
238 0.49747417615276485
239 0.48063547434879966
240 0.4969140484976076
241 0.529587474579166
242 0.49017692024774223
243 0.487331218637837
244 0.5049984146335539
245 0.501284185173102
246 0.5447244242887408
247 0.5201062609398435
248 0.5001375909831912
249 0.48730972965962543
250 0.49561739899804713
251 0.49746668557196044
252 0.4767863545092226
253 0.49470816633266534
254 0.5111331044329025
255 0.48056836673474534
256 0.4976977230488024
257 0.5050369102264237
258 0.4992701697411153
259 0.5104517212531723
260 0.515463766746302
261 0.5250190232787596
262 0.5023824601231041
263 0.5162787539227472
264 0.5033110324693787
265 0.5003985907832506
266 0.49952435411138685
267 0.501236049702109
268 0.5002252048112555
269 0.505268071547535
270 0.5102477577315897
271 0.5071825002070995
272 0.4973395933868247
273 0.49861475390817356
274 0.49881711943918455
275 0.49932665471284493
276 0.4855973589178868
277 0.4991129314638463
278 0.5013245623998699
279 0.49804412745496096
280 0.5309937022871976
281 0.4956643679359229
282 0.4974445174477559
283 0.5010888188407946
284 0.4951935120240481
285 0.4726026194389289
286 0.4981368987975952
287 0.4980742735470942
288 0.49829579499008225
289 0.5046633080207366
290 0.49989709739714183
291 0.4986135873750563
292 0.493222534473131
293 0.5042162741533079
294 0.5042370879805029
295 0.5059271707487443
296 0.5014211010052767
297 0.5001301004023868
298 0.5959363946699217
299 0.4981682114228457
300 0.4968287677357778
301 0.500222564131836
302 0.4944755907898982
303 0.49769686412887015
304 0.49606627454960955
305 0.4882142961925382
306 0.5013601336699938
307 0.4632503955985459
308 0.4997793374769442
309 0.49725867114427885
310 0.49846801442896
311 0.4973575827656845
312 0.49485723887811345
313 0.5050986126373697
314 0.5398232513764452
315 0.49676614248527673
316 0.4983799092187948
317 0.49911808897841614
318 0.4874801673390159
319 0.4965749509033377
320 0.4888498809624863
321 0.4593755521057425
322 0.490576741483733
323 0.49834743006042703
324 0.5006178390846505
325 0.5000898230500296
326 0.49831482705779
327 0.49427813907989493
328 0.5011832480986469
329 0.4853010555111243
330 0.497173390382449
331 0.49710358216432865
332 0.5017947032109639
333 0.49986111863942223
334 0.4988484320644351
335 0.5026451178383815
336 0.5058922946045191
337 0.5024179474987229
338 0.49328344188376755
339 0.48967291002648317
340 0.49576530501037797
341 0.5033608258555897
342 0.49103660721545156
343 0.5011794408861101
344 0.4988182859723018
345 0.4986002641286656
346 0.4979885014031636
347 0.49790905330692004
348 0.5081038895857548
349 0.5213842459095277
350 0.4988675879764121
351 0.47450354108318704
352 0.4976996885772054
353 0.5013364953944633
354 0.4979177104208417
355 0.5018571446925492
356 0.5021499484999599
357 0.49434874629330106
358 0.4984640234475074
359 0.49824649298597196
360 0.5033798499333446
361 0.4979391993990533
362 0.5033705256583594
363 0.5022792499070609
364 0.5035002505329618
365 0.5096103312775078
366 0.49963578998389735
367 0.5122996575250527
368 0.5045870519106598
369 0.5016110022098292
370 0.4996803619359157
371 0.49843436873747493
372 0.4953358889890012
373 0.5010853192414428
374 0.5038874915881776
375 0.4943805503006523
376 0.49761158336704026
377 0.49767654168377584
378 0.4945847575157971
379 0.49763706332670443
380 0.4981462310625333
381 0.49456725951903807
382 0.4778678066134821
383 0.4836931214431926
384 0.49285089779584684
385 0.4980139813628277
386 0.5114507170439373
387 0.49613988998026676
388 0.4952678026057218
389 0.5049361569208843
390 0.5008894615270347
391 0.4937433076154861
392 0.49951882905898554
393 0.496280796793894
394 0.49875449418868356
395 0.49957463887969866
396 0.5140521817748792
397 0.5009297388793919
398 0.5064476362779143
399 0.49843436873747493
400 0.5075187733530342
401 0.49277764990302114
402 0.4990468066139935
403 0.49834380661680594
404 0.49758561202527535
405 0.4865768871885133
406 0.5017517212595642
407 0.4969000501002004
408 0.500298328859812
409 0.4984013981970064
410 0.497391903608186
411 0.5001735697409108
412 0.492124874749499
413 0.4986582232466975
414 0.49697200761563953
415 0.5241499481164421
416 0.505569101011413
417 0.500279172947835
418 0.49894470300642113
419 0.49517902224454013
420 0.49670001763542393
421 0.499029983768251
422 0.49949635731657244
423 0.49946737775755645
424 0.4764662889826604
425 0.4959630044089199
426 0.6223665594777205
427 0.49987726633414825
428 0.494831942687365
429 0.47370351509346836
430 0.49746103667528985
431 0.4962176801612922
432 0.4998447871757805
433 0.5021683054166511
434 0.492876377755511
435 0.49808992985971945
436 0.5093843913905893
437 0.4982778056112224
438 0.4996522452918084
439 0.48588838096581016
440 0.5284055168579057
441 0.5187844390938038
442 0.5021461412874231
443 0.5008271438897187
444 0.5124150843790157
445 0.5068616996048745
446 0.5152335881893924
447 0.5153796525175894
448 0.4973124555119425
449 0.49808992985971945
450 0.4907674416835713
451 0.4937229851703918
452 0.5003151517055545
453 0.4985619523047115
454 0.49830162765566854
455 0.5091413809693897
456 0.4917619551107829
457 0.5060961982014552
458 0.5088125984042594
459 0.5071846974441355
460 0.4979838352706945
461 0.5071301899857382
462 0.4991732236481128
463 0.49820069058121347
464 0.51457252345978
465 0.4977994591185433
466 0.5042742332713398
467 0.5063513653359283
468 0.49798616833692905
469 0.49485723887811345
470 0.513579236490332
471 0.49765271963932967
472 0.4982163468938387
473 0.5081700144356076
474 0.4960975871748601
475 0.49821751342695597
476 0.49931179739550546
477 0.4982041901805653
478 0.49833711503128736
479 0.4887493114258627
480 0.4976381060155524
481 0.5158923198527701
482 0.5083167539148212
483 0.4991019412836901
484 0.4981224649477572
485 0.49779245991983967
486 0.4988194525054191
487 0.4966177450908451
488 0.49589657194588205
489 0.4977670358898455
490 0.49829929458943406
491 0.4916651927866961
492 0.4966350593186884
493 0.49808992985971945
494 0.4985955979961965
495 0.4967067092209425
496 0.5058922346798727
497 0.4988561064141552
498 0.5042800659369262
499 0.5062611707530907
500 0.4999950262543459
501 0.49754195891783565
502 0.4993889124255145
503 0.4960859218436874
504 0.49298431402866977
505 0.4979646793587174
506 0.4958823897795591
507 0.4817853843691466
508 0.4965399549098196
509 0.5059036563174831
510 0.5209451940050042
511 0.49755761523046094
512 0.5052514324707081
513 0.49994173326878305
514 0.49839458276721854
515 0.5054113114273968
516 0.5028533160349788
517 0.5022815230486489
518 0.49901334469142417
519 0.4974103843691466
520 0.4978877480976242
521 0.5052860609263947
522 0.4946780202405321
523 0.4983845753512639
524 0.48555855571183193
525 0.4982041901805653
526 0.49184859416459864
527 0.5018774671376435
528 0.49704015791854184
529 0.5045060697434676
530 0.5017115717464529
531 0.47524024669650605
532 0.5013315815734557
533 0.5006780713442706
534 0.49880846232526294
535 0.499140744489745
536 0.49804412745496096
537 0.49705777975957016
538 0.5010869771566608
539 0.4956365549100242
540 0.49837174348697394
541 0.4723208058116744
542 0.4904491579164964
543 0.5019812246654575
544 0.4983039607219031
545 0.499640088578535
546 0.49751899579332176
547 0.4980831144299316
548 0.4961167430868371
549 0.4985799416835713
550 0.49843154428913966
551 0.4912971156334102
552 0.4983364398802709
553 0.4973395933868247
554 0.5253115234679617
555 0.498736013427723
556 0.4904088805641392
557 0.5000118491000884
558 0.5013722903832671
559 0.5003411230473195
560 0.49578814429062257
561 0.5065875603273401
562 0.5011194563150286
563 0.4951547088179932
564 0.4981415649300643
565 0.4977704795595273
566 0.4814819579194112
567 0.44958851503082714
568 0.5181621775702464
569 0.4974816667335692
570 0.5037241130321373
571 0.4938662250502536
572 0.49602446312630366
573 0.5001997248515914
574 0.5003847761547591
575 0.45964783771421386
576 0.49964291302687025
577 0.5068542090240701
578 0.49824649298597196
579 0.5002213975987188
580 0.498140398396947
581 0.49406809919916383
582 0.4964721721447488
583 0.503392629862941
584 0.49777680360721444
585 0.49575713927855714
586 0.49716620741482964
587 0.4980766066133287
588 0.49737207254519245
589 0.49650864228456915
590 0.4983999240507041
591 0.500302994992281
592 0.49460090521052313
593 0.49539704408817636
594 0.49787074148296595
595 0.4949586673346693
596 0.5117424741675236
597 0.5003366406837662
598 0.5148202599380951
599 0.49987130183433975
600 0.49543068977966137
601 0.4965242985971944
602 0.4888428817637827
603 0.4983102847695902
604 0.5021226268561619
605 0.5012528645578986
606 0.5025090609261391
607 0.4970890923848207
608 0.4973554334683657
609 0.4994510462939147
610 0.49707723928975583
611 0.5000318639319977
612 0.45144743748788724
613 0.5017290697432119
614 0.498236669338933
615 0.499297982767014
616 0.49921970120388776
617 0.4997090378767231
618 0.495688189980369
619 0.5012342080179752
620 0.5054258611315512
621 0.4668302740016905
622 0.49718536332680674
623 0.49948401683438326
624 0.499579121243252
625 0.5031793340764202
626 0.5007453627272407
627 0.49310459078401764
628 0.4948747368748725
629 0.4969911635276166
630 0.5012401605328545
631 0.4930742609229687
632 0.5082369982053927
633 0.5002886889816888
634 0.4986582232466975
635 0.5005119282645414
636 0.5027785340712044
637 0.49886593006119406
638 0.4988769202413503
639 0.4935186541109778
640 0.49916739098252644
641 0.5021971012067513
642 0.4997458755543749
643 0.49361848457696206
644 0.5011234472964812
645 0.4962917869740502
646 0.4996853996011927
647 0.5119346485136642
